08015
08019
08022
08040
08041
08046
08051
08056
08072
08073
08074
08076
08077
08086
08088
08089
08096
08101
08102
08107
08112
08113
08114
08118
08121
08123
08124
08125
08136
08147
08159
08161
08163
08169
08180
08184
08187
08194
08196
08200
08205
08211
08217
08218
08219
08227
08231
08245
08252
08260
08263
08266
08270
08279
08298
08301
08305
08307
08904
17015
17023
17047
17066
17079
17095
17114
17117
17152
17155
17160
25040
25072
25120
25137
25217
43014
43037
43038
43123
43148
43153
43155
43161
43163
43171
43905
